<?xml version="1.0" encoding="UTF-8"?>
<!-- Generated by org.testng.reporters.JUnitXMLReporter -->
<testsuite hostname="Comets-MBP.attlocal.net" ignored="0" name="Default test" tests="2" failures="0" timestamp="2023-02-13T00:25:27 CST" time="1.985" errors="0">
  <testcase name="updateOneProductUsingHashMap" time="1.614" classname="test.UpdateOneProductUsingHashMapTest"/>
  <testcase name="readOneProduct" time="0.34" classname="test.UpdateOneProductUsingHashMapTest"/>
</testsuite> <!-- Default test -->
