<?xml version="1.0" encoding="UTF-8"?>
<!-- Generated by org.testng.reporters.JUnitXMLReporter -->
<testsuite hostname="Comets-MBP.attlocal.net" ignored="0" name="Default test" tests="3" failures="0" timestamp="2023-02-21T00:33:28 CST" time="3.662" errors="0">
  <testcase name="createOneProductUsingExternalJsonFile" time="2.341" classname="test.CreateOneProductUsingExternalFileMethodTest"/>
  <testcase name="readAllProducts" time="0.93" classname="test.CreateOneProductUsingExternalFileMethodTest"/>
  <testcase name="readOneProductWhenCreatingProductUsingExternalJson" time="0.348" classname="test.CreateOneProductUsingExternalFileMethodTest"/>
</testsuite> <!-- Default test -->
