<?xml version="1.0" encoding="UTF-8"?>
<testng-results skipped="0" failed="0" ignored="0" total="3" passed="3">
  <reporter-output>
  </reporter-output>
  <suite name="Default suite" duration-ms="3158" started-at="2023-02-13T04:10:35Z" finished-at="2023-02-13T04:10:39Z">
    <groups>
    </groups>
    <test name="Default test" duration-ms="3158" started-at="2023-02-13T04:10:35Z" finished-at="2023-02-13T04:10:39Z">
      <class name="testCases.CreateOneProductUsingExternalFileMethod">
        <test-method status="PASS" signature="createOneProductUsingExternalJsonFile()[pri:1, instance:testCases.CreateOneProductUsingExternalFileMethod@2145433b]" name="createOneProductUsingExternalJsonFile" duration-ms="1614" started-at="2023-02-13T04:10:36Z" finished-at="2023-02-13T04:10:37Z">
          <reporter-output>
          </reporter-output>
        </test-method> <!-- createOneProductUsingExternalJsonFile -->
        <test-method status="PASS" signature="readAllProducts()[pri:2, instance:testCases.CreateOneProductUsingExternalFileMethod@2145433b]" name="readAllProducts" duration-ms="1176" started-at="2023-02-13T04:10:37Z" finished-at="2023-02-13T04:10:38Z">
          <reporter-output>
          </reporter-output>
        </test-method> <!-- readAllProducts -->
        <test-method status="PASS" signature="readOneProductWhenCreatingProductUsingExternalJson()[pri:3, instance:testCases.CreateOneProductUsingExternalFileMethod@2145433b]" name="readOneProductWhenCreatingProductUsingExternalJson" duration-ms="344" started-at="2023-02-13T04:10:38Z" finished-at="2023-02-13T04:10:39Z">
          <reporter-output>
          </reporter-output>
        </test-method> <!-- readOneProductWhenCreatingProductUsingExternalJson -->
      </class> <!-- testCases.CreateOneProductUsingExternalFileMethod -->
    </test> <!-- Default test -->
  </suite> <!-- Default suite -->
</testng-results>
