<?xml version="1.0" encoding="UTF-8"?>
<testng-results skipped="0" failed="0" ignored="0" total="3" passed="3">
  <reporter-output>
  </reporter-output>
  <suite name="Default suite" duration-ms="2834" started-at="2023-02-13T04:37:01Z" finished-at="2023-02-13T04:37:04Z">
    <groups>
    </groups>
    <test name="Default test" duration-ms="2834" started-at="2023-02-13T04:37:01Z" finished-at="2023-02-13T04:37:04Z">
      <class name="testCases.CreateOneProductUsingHashMapMethod">
        <test-method status="PASS" signature="createOneProductUsingHashMap()[pri:1, instance:testCases.CreateOneProductUsingHashMapMethod@75c072cb]" name="createOneProductUsingHashMap" duration-ms="481" started-at="2023-02-13T04:37:04Z" finished-at="2023-02-13T04:37:04Z">
          <reporter-output>
          </reporter-output>
        </test-method> <!-- createOneProductUsingHashMap -->
      </class> <!-- testCases.CreateOneProductUsingHashMapMethod -->
      <class name="testCases.ReadAllProducts">
        <test-method status="PASS" signature="readAllProducts()[pri:0, instance:testCases.ReadAllProducts@25b485ba]" name="readAllProducts" duration-ms="1994" started-at="2023-02-13T04:37:01Z" finished-at="2023-02-13T04:37:03Z">
          <reporter-output>
          </reporter-output>
        </test-method> <!-- readAllProducts -->
      </class> <!-- testCases.ReadAllProducts -->
      <class name="testCases.ReadOneProduct">
        <test-method status="PASS" signature="readOneProduct()[pri:0, instance:testCases.ReadOneProduct@2b546384]" name="readOneProduct" duration-ms="334" started-at="2023-02-13T04:37:03Z" finished-at="2023-02-13T04:37:04Z">
          <reporter-output>
          </reporter-output>
        </test-method> <!-- readOneProduct -->
      </class> <!-- testCases.ReadOneProduct -->
    </test> <!-- Default test -->
  </suite> <!-- Default suite -->
</testng-results>
